watch 2019-11-22 10:29:38 /home/kusanagi/life/DocumentRoot/wp-content/languages/ja.po DELETE 0
watch 2019-11-22 10:29:38 /home/kusanagi/life/DocumentRoot/wp-content/languages/ja.mo DELETE 0
watch 2019-11-22 10:29:38 /home/kusanagi/life/DocumentRoot/wp-content/languages/admin-ja.po DELETE 0
watch 2019-11-22 10:29:38 /home/kusanagi/life/DocumentRoot/wp-content/languages/admin-ja.mo DELETE 0
watch 2019-11-22 10:29:38 /home/kusanagi/life/DocumentRoot/wp-content/languages/admin-network-ja.po DELETE 0
watch 2019-11-22 10:29:38 /home/kusanagi/life/DocumentRoot/wp-content/languages/admin-network-ja.mo DELETE 0
watch 2019-11-22 10:29:38 /home/kusanagi/life/DocumentRoot/wp-content/languages/continents-cities-ja.po DELETE 0
watch 2019-11-22 10:29:38 /home/kusanagi/life/DocumentRoot/wp-content/languages/continents-cities-ja.mo DELETE 0
watch 2019-11-22 10:29:38 /home/kusanagi/life/DocumentRoot/wp-content/languages/ja-0ce75ad2f775d1cac9696967d484808c.json DELETE 0
watch 2019-11-22 10:29:38 /home/kusanagi/life/DocumentRoot/wp-content/languages/ja-1a0cd6a7128913b15c1a10dd68951869.json DELETE 0
watch 2019-11-22 10:29:38 /home/kusanagi/life/DocumentRoot/wp-content/languages/ja-1bba9045bb07c89671c88a3f328548e8.json DELETE 0
watch 2019-11-22 10:29:38 /home/kusanagi/life/DocumentRoot/wp-content/languages/ja-28b3c3d595952907e08d98287077426c.json DELETE 0
watch 2019-11-22 10:29:38 /home/kusanagi/life/DocumentRoot/wp-content/languages/ja-2c5d274ea625dd91556554ad82901529.json DELETE 0
watch 2019-11-22 10:29:38 /home/kusanagi/life/DocumentRoot/wp-content/languages/ja-4a38fe1c0c45989e44682ba6109d9f46.json DELETE 0
watch 2019-11-22 10:29:38 /home/kusanagi/life/DocumentRoot/wp-content/languages/ja-68f2cec7514bf8563c723a4d675fcfe6.json DELETE 0
watch 2019-11-22 10:29:38 /home/kusanagi/life/DocumentRoot/wp-content/languages/ja-7f13c36c641b114bf18cd0bcc9ecc7e0.json DELETE 0
watch 2019-11-22 10:29:38 /home/kusanagi/life/DocumentRoot/wp-content/languages/ja-803bf1ce2131e13efc590c1bc47851fc.json DELETE 0
watch 2019-11-22 10:29:38 /home/kusanagi/life/DocumentRoot/wp-content/languages/ja-8860e58c20c6a2ab5876a0f07be43bd9.json DELETE 0
watch 2019-11-22 10:29:38 /home/kusanagi/life/DocumentRoot/wp-content/languages/ja-a25d1cc7bf7ca0b4e114f6bea64943f4.json DELETE 0
watch 2019-11-22 10:29:38 /home/kusanagi/life/DocumentRoot/wp-content/languages/ja-bf0f094965d3d4a95b47babcb35fc136.json DELETE 0
watch 2019-11-22 10:29:38 /home/kusanagi/life/DocumentRoot/wp-content/languages/ja-f8f49d9fc4a9cf7d78ec99285417bd9c.json DELETE 0
watch 2019-11-22 10:29:38 /home/kusanagi/life/DocumentRoot/wp-content/languages/admin-ja.mo CLOSE_WRITE,CLOSE 0
watch 2019-11-22 10:29:38 /home/kusanagi/life/DocumentRoot/wp-content/languages/admin-ja.po CLOSE_WRITE,CLOSE 0
watch 2019-11-22 10:29:38 /home/kusanagi/life/DocumentRoot/wp-content/languages/admin-network-ja.mo CLOSE_WRITE,CLOSE 0
watch 2019-11-22 10:29:38 /home/kusanagi/life/DocumentRoot/wp-content/languages/admin-network-ja.po CLOSE_WRITE,CLOSE 0
watch 2019-11-22 10:29:38 /home/kusanagi/life/DocumentRoot/wp-content/languages/continents-cities-ja.mo CLOSE_WRITE,CLOSE 0
watch 2019-11-22 10:29:38 /home/kusanagi/life/DocumentRoot/wp-content/languages/continents-cities-ja.po CLOSE_WRITE,CLOSE 0
watch 2019-11-22 10:29:38 /home/kusanagi/life/DocumentRoot/wp-content/languages/ja-0ce75ad2f775d1cac9696967d484808c.json CLOSE_WRITE,CLOSE 0
watch 2019-11-22 10:29:38 /home/kusanagi/life/DocumentRoot/wp-content/languages/ja-1a0cd6a7128913b15c1a10dd68951869.json CLOSE_WRITE,CLOSE 0
watch 2019-11-22 10:29:38 /home/kusanagi/life/DocumentRoot/wp-content/languages/ja-1bba9045bb07c89671c88a3f328548e8.json CLOSE_WRITE,CLOSE 0
watch 2019-11-22 10:29:38 /home/kusanagi/life/DocumentRoot/wp-content/languages/ja-28b3c3d595952907e08d98287077426c.json CLOSE_WRITE,CLOSE 0
watch 2019-11-22 10:29:38 /home/kusanagi/life/DocumentRoot/wp-content/languages/ja-2c5d274ea625dd91556554ad82901529.json CLOSE_WRITE,CLOSE 0
watch 2019-11-22 10:29:38 /home/kusanagi/life/DocumentRoot/wp-content/languages/ja-4a38fe1c0c45989e44682ba6109d9f46.json CLOSE_WRITE,CLOSE 0
watch 2019-11-22 10:29:38 /home/kusanagi/life/DocumentRoot/wp-content/languages/ja-68f2cec7514bf8563c723a4d675fcfe6.json CLOSE_WRITE,CLOSE 0
watch 2019-11-22 10:29:38 /home/kusanagi/life/DocumentRoot/wp-content/languages/ja-7f13c36c641b114bf18cd0bcc9ecc7e0.json CLOSE_WRITE,CLOSE 0
watch 2019-11-22 10:29:38 /home/kusanagi/life/DocumentRoot/wp-content/languages/ja-803bf1ce2131e13efc590c1bc47851fc.json CLOSE_WRITE,CLOSE 0
watch 2019-11-22 10:29:38 /home/kusanagi/life/DocumentRoot/wp-content/languages/ja-81c889563f09dd13de1701135dc62941.json CLOSE_WRITE,CLOSE 0
watch 2019-11-22 10:29:38 /home/kusanagi/life/DocumentRoot/wp-content/languages/ja-8860e58c20c6a2ab5876a0f07be43bd9.json CLOSE_WRITE,CLOSE 0
watch 2019-11-22 10:29:38 /home/kusanagi/life/DocumentRoot/wp-content/languages/ja-a25d1cc7bf7ca0b4e114f6bea64943f4.json CLOSE_WRITE,CLOSE 0
watch 2019-11-22 10:29:38 /home/kusanagi/life/DocumentRoot/wp-content/languages/ja-bf0f094965d3d4a95b47babcb35fc136.json CLOSE_WRITE,CLOSE 0
watch 2019-11-22 10:29:38 /home/kusanagi/life/DocumentRoot/wp-content/languages/ja-daeb084aab42199d26393a56c3465bc0.json CLOSE_WRITE,CLOSE 0
watch 2019-11-22 10:29:38 /home/kusanagi/life/DocumentRoot/wp-content/languages/ja-e2791ba830489d23043be8650a22a22b.json CLOSE_WRITE,CLOSE 0
watch 2019-11-22 10:29:38 /home/kusanagi/life/DocumentRoot/wp-content/languages/ja-f8f49d9fc4a9cf7d78ec99285417bd9c.json CLOSE_WRITE,CLOSE 0
watch 2019-11-22 10:29:38 /home/kusanagi/life/DocumentRoot/wp-content/languages/ja.mo CLOSE_WRITE,CLOSE 0
watch 2019-11-22 10:29:38 /home/kusanagi/life/DocumentRoot/wp-content/languages/ja.po CLOSE_WRITE,CLOSE 0
watch 2019-11-22 10:29:39 /home/kusanagi/life/DocumentRoot/wp-content/languages/plugins/all-in-one-wp-migration-ja.mo CLOSE_WRITE,CLOSE 0
watch 2019-11-22 10:29:39 /home/kusanagi/life/DocumentRoot/wp-content/languages/plugins/all-in-one-wp-migration-ja.po CLOSE_WRITE,CLOSE 0
watch 2019-11-22 10:29:41 /home/kusanagi/life/DocumentRoot/wp-content/languages/plugins/all-in-one-wp-migration-zh_CN.mo CLOSE_WRITE,CLOSE 0
watch 2019-11-22 10:29:41 /home/kusanagi/life/DocumentRoot/wp-content/languages/plugins/all-in-one-wp-migration-zh_CN.po CLOSE_WRITE,CLOSE 0
watch 2019-11-22 10:29:42 /home/kusanagi/life/DocumentRoot/wp-content/languages/plugins/classic-editor-ja.mo CLOSE_WRITE,CLOSE 0
watch 2019-11-22 10:29:42 /home/kusanagi/life/DocumentRoot/wp-content/languages/plugins/classic-editor-ja.po CLOSE_WRITE,CLOSE 0
watch 2019-11-22 10:29:44 /home/kusanagi/life/DocumentRoot/wp-content/languages/plugins/classic-editor-zh_CN.mo CLOSE_WRITE,CLOSE 0
watch 2019-11-22 10:29:44 /home/kusanagi/life/DocumentRoot/wp-content/languages/plugins/classic-editor-zh_CN.po CLOSE_WRITE,CLOSE 0
watch 2019-11-22 10:29:45 /home/kusanagi/life/DocumentRoot/wp-content/languages/plugins/gutenberg-ja.po DELETE 0
watch 2019-11-22 10:29:45 /home/kusanagi/life/DocumentRoot/wp-content/languages/plugins/gutenberg-ja.mo DELETE 0
watch 2019-11-22 10:29:45 /home/kusanagi/life/DocumentRoot/wp-content/languages/plugins/gutenberg-ja-04418208c292b36bc4a3469b3ffc3d41.json DELETE 0
watch 2019-11-22 10:29:45 /home/kusanagi/life/DocumentRoot/wp-content/languages/plugins/gutenberg-ja-07d88e6a803e01276b9bfcc1203e862e.json DELETE 0
watch 2019-11-22 10:29:45 /home/kusanagi/life/DocumentRoot/wp-content/languages/plugins/gutenberg-ja-07ef134978802e52988301e5564a124c.json DELETE 0
watch 2019-11-22 10:29:45 /home/kusanagi/life/DocumentRoot/wp-content/languages/plugins/gutenberg-ja-195c2ee33af3438dc681885037a9dd77.json DELETE 0
watch 2019-11-22 10:29:45 /home/kusanagi/life/DocumentRoot/wp-content/languages/plugins/gutenberg-ja-2db29b02b406fc710377e5966a268a5b.json DELETE 0
watch 2019-11-22 10:29:45 /home/kusanagi/life/DocumentRoot/wp-content/languages/plugins/gutenberg-ja-2ecc15db55b460a0c1c65371b1c7144e.json DELETE 0
watch 2019-11-22 10:29:45 /home/kusanagi/life/DocumentRoot/wp-content/languages/plugins/gutenberg-ja-5a39926d0d16d0b7e0231768f706d685.json DELETE 0
watch 2019-11-22 10:29:45 /home/kusanagi/life/DocumentRoot/wp-content/languages/plugins/gutenberg-ja-5b24ba153c5b34da32d79d6bf83c42fd.json DELETE 0
watch 2019-11-22 10:29:45 /home/kusanagi/life/DocumentRoot/wp-content/languages/plugins/gutenberg-ja-6da18768062abe6e705a5ac7876b5642.json DELETE 0
watch 2019-11-22 10:29:45 /home/kusanagi/life/DocumentRoot/wp-content/languages/plugins/gutenberg-ja-89337192c82f6ec91cfe1bb3aafe66b2.json DELETE 0
watch 2019-11-22 10:29:45 /home/kusanagi/life/DocumentRoot/wp-content/languages/plugins/gutenberg-ja-c4c26f565695d6a88d0e7ab2e54949c3.json DELETE 0
watch 2019-11-22 10:29:45 /home/kusanagi/life/DocumentRoot/wp-content/languages/plugins/gutenberg-ja-cc0ae1a9d2f54754d6de5eabbcb89f5b.json DELETE 0
watch 2019-11-22 10:29:45 /home/kusanagi/life/DocumentRoot/wp-content/languages/plugins/gutenberg-ja-d4accdff3b7b226dad1f5f72ccee5bae.json DELETE 0
watch 2019-11-22 10:29:45 /home/kusanagi/life/DocumentRoot/wp-content/languages/plugins/gutenberg-ja-d83116db7e3459d9c9a90cae3216278f.json DELETE 0
watch 2019-11-22 10:29:45 /home/kusanagi/life/DocumentRoot/wp-content/languages/plugins/gutenberg-ja-e7b6005012912540099a002617fcee91.json DELETE 0
watch 2019-11-22 10:29:45 /home/kusanagi/life/DocumentRoot/wp-content/languages/plugins/gutenberg-ja-f39744326030f4f787227808e504b523.json DELETE 0
watch 2019-11-22 10:29:45 /home/kusanagi/life/DocumentRoot/wp-content/languages/plugins/gutenberg-ja-04418208c292b36bc4a3469b3ffc3d41.json CLOSE_WRITE,CLOSE 0
watch 2019-11-22 10:29:45 /home/kusanagi/life/DocumentRoot/wp-content/languages/plugins/gutenberg-ja-07d88e6a803e01276b9bfcc1203e862e.json CLOSE_WRITE,CLOSE 0
watch 2019-11-22 10:29:45 /home/kusanagi/life/DocumentRoot/wp-content/languages/plugins/gutenberg-ja-07ef134978802e52988301e5564a124c.json CLOSE_WRITE,CLOSE 0
watch 2019-11-22 10:29:45 /home/kusanagi/life/DocumentRoot/wp-content/languages/plugins/gutenberg-ja-195c2ee33af3438dc681885037a9dd77.json CLOSE_WRITE,CLOSE 0
watch 2019-11-22 10:29:45 /home/kusanagi/life/DocumentRoot/wp-content/languages/plugins/gutenberg-ja-2db29b02b406fc710377e5966a268a5b.json CLOSE_WRITE,CLOSE 0
watch 2019-11-22 10:29:45 /home/kusanagi/life/DocumentRoot/wp-content/languages/plugins/gutenberg-ja-2ecc15db55b460a0c1c65371b1c7144e.json CLOSE_WRITE,CLOSE 0
watch 2019-11-22 10:29:45 /home/kusanagi/life/DocumentRoot/wp-content/languages/plugins/gutenberg-ja-5a39926d0d16d0b7e0231768f706d685.json CLOSE_WRITE,CLOSE 0
watch 2019-11-22 10:29:45 /home/kusanagi/life/DocumentRoot/wp-content/languages/plugins/gutenberg-ja-5b24ba153c5b34da32d79d6bf83c42fd.json CLOSE_WRITE,CLOSE 0
watch 2019-11-22 10:29:45 /home/kusanagi/life/DocumentRoot/wp-content/languages/plugins/gutenberg-ja-6da18768062abe6e705a5ac7876b5642.json CLOSE_WRITE,CLOSE 0
watch 2019-11-22 10:29:45 /home/kusanagi/life/DocumentRoot/wp-content/languages/plugins/gutenberg-ja-89337192c82f6ec91cfe1bb3aafe66b2.json CLOSE_WRITE,CLOSE 0
watch 2019-11-22 10:29:45 /home/kusanagi/life/DocumentRoot/wp-content/languages/plugins/gutenberg-ja-c4c26f565695d6a88d0e7ab2e54949c3.json CLOSE_WRITE,CLOSE 0
watch 2019-11-22 10:29:45 /home/kusanagi/life/DocumentRoot/wp-content/languages/plugins/gutenberg-ja-cc0ae1a9d2f54754d6de5eabbcb89f5b.json CLOSE_WRITE,CLOSE 0
watch 2019-11-22 10:29:45 /home/kusanagi/life/DocumentRoot/wp-content/languages/plugins/gutenberg-ja-d4accdff3b7b226dad1f5f72ccee5bae.json CLOSE_WRITE,CLOSE 0
watch 2019-11-22 10:29:45 /home/kusanagi/life/DocumentRoot/wp-content/languages/plugins/gutenberg-ja-d83116db7e3459d9c9a90cae3216278f.json CLOSE_WRITE,CLOSE 0
watch 2019-11-22 10:29:45 /home/kusanagi/life/DocumentRoot/wp-content/languages/plugins/gutenberg-ja-e7b6005012912540099a002617fcee91.json CLOSE_WRITE,CLOSE 0
watch 2019-11-22 10:29:45 /home/kusanagi/life/DocumentRoot/wp-content/languages/plugins/gutenberg-ja-f39744326030f4f787227808e504b523.json CLOSE_WRITE,CLOSE 0
watch 2019-11-22 10:29:45 /home/kusanagi/life/DocumentRoot/wp-content/languages/plugins/gutenberg-ja.mo CLOSE_WRITE,CLOSE 0
watch 2019-11-22 10:29:45 /home/kusanagi/life/DocumentRoot/wp-content/languages/plugins/gutenberg-ja.po CLOSE_WRITE,CLOSE 0
watch 2019-11-22 10:29:47 /home/kusanagi/life/DocumentRoot/wp-content/languages/plugins/media-from-ftp-ja.mo CLOSE_WRITE,CLOSE 0
watch 2019-11-22 10:29:47 /home/kusanagi/life/DocumentRoot/wp-content/languages/plugins/media-from-ftp-ja.po CLOSE_WRITE,CLOSE 0
watch 2019-11-22 10:29:48 /home/kusanagi/life/DocumentRoot/wp-content/languages/themes/twentytwenty-ja.mo CLOSE_WRITE,CLOSE 0
watch 2019-11-22 10:29:48 /home/kusanagi/life/DocumentRoot/wp-content/languages/themes/twentytwenty-ja.po CLOSE_WRITE,CLOSE 0
watch 2019-11-22 10:29:50 /home/kusanagi/life/DocumentRoot/wp-content/languages/themes/twentytwenty-zh_CN.po DELETE 0
watch 2019-11-22 10:29:50 /home/kusanagi/life/DocumentRoot/wp-content/languages/themes/twentytwenty-zh_CN.mo DELETE 0
watch 2019-11-22 10:29:50 /home/kusanagi/life/DocumentRoot/wp-content/languages/themes/twentytwenty-zh_CN.mo CLOSE_WRITE,CLOSE 0
watch 2019-11-22 10:29:50 /home/kusanagi/life/DocumentRoot/wp-content/languages/themes/twentytwenty-zh_CN.po CLOSE_WRITE,CLOSE 0
